0 info it worked if it ends with ok
1 verbose cli [ '/usr/local/Cellar/node/4.1.1/bin/node',
1 verbose cli   '/usr/local/bin/npm',
1 verbose cli   'start' ]
2 info using npm@3.5.2
3 info using node@v4.1.1
4 verbose run-script [ 'prestart', 'start', 'poststart' ]
5 info lifecycle tinycrate@1.0.0~prestart: tinycrate@1.0.0
6 silly lifecycle tinycrate@1.0.0~prestart: no script for prestart, continuing
7 info lifecycle tinycrate@1.0.0~start: tinycrate@1.0.0
8 verbose lifecycle tinycrate@1.0.0~start: unsafe-perm in lifecycle true
9 verbose lifecycle tinycrate@1.0.0~start: PATH: /usr/local/lib/node_modules/npm/bin/node-gyp-bin:/Users/freddieiboy/Documents/code-sandbox/tinycrate/node_modules/.bin:/Users/freddieiboy/.rvm/gems/ruby-2.2.1/bin:/Users/freddieiboy/.rvm/gems/ruby-2.2.1@global/bin:/Users/freddieiboy/.rvm/rubies/ruby-2.2.1/bin:/Users/freddieiboy/google-cloud-sdk/bin:/usr/local/heroku/bin:/Users/freddieiboy/.rbenv/shims:/Users/freddieiboy/.rbenv/shims:/Users/freddieiboy/.rbenv/shims:/usr/local/bin:/usr/bin:/bin:/usr/sbin:/sbin:/Users/freddieiboy/.rvm/bin
10 verbose lifecycle tinycrate@1.0.0~start: CWD: /Users/freddieiboy/Documents/code-sandbox/tinycrate
11 silly lifecycle tinycrate@1.0.0~start: Args: [ '-c', 'webpack -w' ]
12 silly lifecycle tinycrate@1.0.0~start: Returned: code: 1  signal: null
13 info lifecycle tinycrate@1.0.0~start: Failed to exec start script
14 verbose stack Error: tinycrate@1.0.0 start: `webpack -w`
14 verbose stack Exit status 1
14 verbose stack     at EventEmitter.<anonymous> (/usr/local/lib/node_modules/npm/lib/utils/lifecycle.js:232:16)
14 verbose stack     at emitTwo (events.js:87:13)
14 verbose stack     at EventEmitter.emit (events.js:172:7)
14 verbose stack     at ChildProcess.<anonymous> (/usr/local/lib/node_modules/npm/lib/utils/spawn.js:24:14)
14 verbose stack     at emitTwo (events.js:87:13)
14 verbose stack     at ChildProcess.emit (events.js:172:7)
14 verbose stack     at maybeClose (internal/child_process.js:817:16)
14 verbose stack     at Process.ChildProcess._handle.onexit (internal/child_process.js:211:5)
15 verbose pkgid tinycrate@1.0.0
16 verbose cwd /Users/freddieiboy/Documents/code-sandbox/tinycrate
17 error Darwin 15.2.0
18 error argv "/usr/local/Cellar/node/4.1.1/bin/node" "/usr/local/bin/npm" "start"
19 error node v4.1.1
20 error npm  v3.5.2
21 error code ELIFECYCLE
22 error tinycrate@1.0.0 start: `webpack -w`
22 error Exit status 1
23 error Failed at the tinycrate@1.0.0 start script 'webpack -w'.
23 error Make sure you have the latest version of node.js and npm installed.
23 error If you do, this is most likely a problem with the tinycrate package,
23 error not with npm itself.
23 error Tell the author that this fails on your system:
23 error     webpack -w
23 error You can get information on how to open an issue for this project with:
23 error     npm bugs tinycrate
23 error Or if that isn't available, you can get their info via:
23 error     npm owner ls tinycrate
23 error There is likely additional logging output above.
24 verbose exit [ 1, true ]
